   Compiling HoneyBear-Folio v0.1.0 (/home/bernat/Documents/Code/HoneyBear-Folio/app/src-tauri)
error[E0422]: cannot find struct, variant or union type `CreateBrokerageTransactionArgs` in the crate root
   --> src/tests/errors/api_error_tests.rs:14:23
    |
 14 |     let args = crate::CreateBrokerageTransactionArgs {
    |                       ^^^^^^^^^^^^^^^^^^^^^^^^^^^^^^ help: a struct with a similar name exists: `CreateInvestmentTransactionArgs`
    |
   ::: src/lib.rs:660:1
    |
660 | struct CreateInvestmentTransactionArgs {
    | -------------------------------------- similarly named struct `CreateInvestmentTransactionArgs` defined here

error[E0425]: cannot find function `create_brokerage_transaction_db` in the crate root
   --> src/tests/errors/api_error_tests.rs:25:22
    |
 25 |       let res = crate::create_brokerage_transaction_db(&db_path, args);
    |                        ^^^^^^^^^^^^^^^^^^^^^^^^^^^^^^^ help: a function with a similar name exists: `create_investment_transaction_db`
    |
   ::: src/lib.rs:682:1
    |
682 | / fn create_investment_transaction_db(
683 | |     db_path: &PathBuf,
684 | |     args: CreateInvestmentTransactionArgs,
685 | | ) -> Result<Transaction, String> {
...   |
760 | |     })
761 | | }
    | |_- similarly named function `create_investment_transaction_db` defined here

error[E0422]: cannot find struct, variant or union type `CreateBrokerageTransactionArgs` in the crate root
   --> src/tests/property/property_invariants.rs:82:31
    |
 82 |             let args = crate::CreateBrokerageTransactionArgs {
    |                               ^^^^^^^^^^^^^^^^^^^^^^^^^^^^^^ help: a struct with a similar name exists: `CreateInvestmentTransactionArgs`
    |
   ::: src/lib.rs:660:1
    |
660 | struct CreateInvestmentTransactionArgs {
    | -------------------------------------- similarly named struct `CreateInvestmentTransactionArgs` defined here

error[E0425]: cannot find function `create_brokerage_transaction_db` in the crate root
   --> src/tests/property/property_invariants.rs:92:28
    |
 92 |               let _ = crate::create_brokerage_transaction_db(&db_path, args);
    |                              ^^^^^^^^^^^^^^^^^^^^^^^^^^^^^^^ help: a function with a similar name exists: `create_investment_transaction_db`
    |
   ::: src/lib.rs:682:1
    |
682 | / fn create_investment_transaction_db(
683 | |     db_path: &PathBuf,
684 | |     args: CreateInvestmentTransactionArgs,
685 | | ) -> Result<Transaction, String> {
...   |
760 | |     })
761 | | }
    | |_- similarly named function `create_investment_transaction_db` defined here

error[E0422]: cannot find struct, variant or union type `CreateBrokerageTransactionArgs` in the crate root
   --> src/tests/property/property_proptest.rs:60:35
    |
 60 | ...   let args = crate::CreateBrokerageTransactionArgs{brokerage_account_id: accounts[a].id, cash_account_id: accounts[b].id, date: "2023...
    |                         ^^^^^^^^^^^^^^^^^^^^^^^^^^^^^^ help: a struct with a similar name exists: `CreateInvestmentTransactionArgs`
    |
   ::: src/lib.rs:660:1
    |
660 | struct CreateInvestmentTransactionArgs {
    | -------------------------------------- similarly named struct `CreateInvestmentTransactionArgs` defined here

error[E0425]: cannot find function `create_brokerage_transaction_db` in the crate root
   --> src/tests/property/property_proptest.rs:61:32
    |
 61 |                   let _ = crate::create_brokerage_transaction_db(&db_path, args);
    |                                  ^^^^^^^^^^^^^^^^^^^^^^^^^^^^^^^ help: a function with a similar name exists: `create_investment_transaction_db`
    |
   ::: src/lib.rs:682:1
    |
682 | / fn create_investment_transaction_db(
683 | |     db_path: &PathBuf,
684 | |     args: CreateInvestmentTransactionArgs,
685 | | ) -> Result<Transaction, String> {
...   |
760 | |     })
761 | | }
    | |_- similarly named function `create_investment_transaction_db` defined here

error[E0422]: cannot find struct, variant or union type `CreateBrokerageTransactionArgs` in the crate root
   --> src/tests/transactions/delete_transaction.rs:186:23
    |
186 |     let args = crate::CreateBrokerageTransactionArgs {
    |                       ^^^^^^^^^^^^^^^^^^^^^^^^^^^^^^ help: a struct with a similar name exists: `CreateInvestmentTransactionArgs`
    |
   ::: src/lib.rs:660:1
    |
660 | struct CreateInvestmentTransactionArgs {
    | -------------------------------------- similarly named struct `CreateInvestmentTransactionArgs` defined here

error[E0425]: cannot find function `create_brokerage_transaction_db` in the crate root
   --> src/tests/transactions/delete_transaction.rs:197:26
    |
197 |       let created = crate::create_brokerage_transaction_db(&db_path, args).unwrap();
    |                            ^^^^^^^^^^^^^^^^^^^^^^^^^^^^^^^ help: a function with a similar name exists: `create_investment_transaction_db`
    |
   ::: src/lib.rs:682:1
    |
682 | / fn create_investment_transaction_db(
683 | |     db_path: &PathBuf,
684 | |     args: CreateInvestmentTransactionArgs,
685 | | ) -> Result<Transaction, String> {
...   |
760 | |     })
761 | | }
    | |_- similarly named function `create_investment_transaction_db` defined here

error[E0061]: this function takes 3 arguments but 4 arguments were supplied
   --> src/tests/accounts/delete_account.rs:7:9
    |
  7 |         crate::create_account_db(&db_path, "To Delete".to_string(), 0.0, "cash".to_string())
    |         ^^^^^^^^^^^^^^^^^^^^^^^^                                         ------------------ unexpected argument #4 of type `std::string::String`
    |
note: function defined here
   --> src/lib.rs:286:4
    |
286 | fn create_account_db(
    |    ^^^^^^^^^^^^^^^^^
help: remove the extra argument
    |
  7 -         crate::create_account_db(&db_path, "To Delete".to_string(), 0.0, "cash".to_string())
  7 +         crate::create_account_db(&db_path, "To Delete".to_string(), 0.0)
    |

error[E0061]: this function takes 3 arguments but 4 arguments were supplied
   --> src/tests/accounts/delete_account.rs:18:9
    |
 18 |         crate::create_account_db(&db_path, "ToDelete".to_string(), 100.0, "cash".to_string())
    |         ^^^^^^^^^^^^^^^^^^^^^^^^                                          ------------------ unexpected argument #4 of type `std::string::String`
    |
note: function defined here
   --> src/lib.rs:286:4
    |
286 | fn create_account_db(
    |    ^^^^^^^^^^^^^^^^^
help: remove the extra argument
    |
 18 -         crate::create_account_db(&db_path, "ToDelete".to_string(), 100.0, "cash".to_string())
 18 +         crate::create_account_db(&db_path, "ToDelete".to_string(), 100.0)
    |

error[E0061]: this function takes 3 arguments but 4 arguments were supplied
   --> src/tests/accounts/rename_account.rs:7:9
    |
  7 |         crate::create_account_db(&db_path, "Old Name".to_string(), 0.0, "cash".to_string())
    |         ^^^^^^^^^^^^^^^^^^^^^^^^                                        ------------------ unexpected argument #4 of type `std::string::String`
    |
note: function defined here
   --> src/lib.rs:286:4
    |
286 | fn create_account_db(
    |    ^^^^^^^^^^^^^^^^^
help: remove the extra argument
    |
  7 -         crate::create_account_db(&db_path, "Old Name".to_string(), 0.0, "cash".to_string())
  7 +         crate::create_account_db(&db_path, "Old Name".to_string(), 0.0)
    |

error[E0061]: this function takes 3 arguments but 4 arguments were supplied
   --> src/tests/accounts/rename_account.rs:17:9
    |
 17 |         crate::create_account_db(&db_path, "Old".to_string(), 0.0, "cash".to_string()).unwrap();
    |         ^^^^^^^^^^^^^^^^^^^^^^^^                                   ------------------ unexpected argument #4 of type `std::string::String`
    |
note: function defined here
   --> src/lib.rs:286:4
    |
286 | fn create_account_db(
    |    ^^^^^^^^^^^^^^^^^
help: remove the extra argument
    |
 17 -         crate::create_account_db(&db_path, "Old".to_string(), 0.0, "cash".to_string()).unwrap();
 17 +         crate::create_account_db(&db_path, "Old".to_string(), 0.0).unwrap();
    |

error[E0061]: this function takes 3 arguments but 4 arguments were supplied
   --> src/tests/accounts/rename_account.rs:32:14
    |
 32 |     let _a = crate::create_account_db(&db_path, "A".to_string(), 0.0, "cash".to_string()).unwrap();
    |              ^^^^^^^^^^^^^^^^^^^^^^^^                                 ------------------ unexpected argument #4 of type `std::string::String`
    |
note: function defined here
   --> src/lib.rs:286:4
    |
286 | fn create_account_db(
    |    ^^^^^^^^^^^^^^^^^
help: remove the extra argument
    |
 32 -     let _a = crate::create_account_db(&db_path, "A".to_string(), 0.0, "cash".to_string()).unwrap();
 32 +     let _a = crate::create_account_db(&db_path, "A".to_string(), 0.0).unwrap();
    |

error[E0061]: this function takes 3 arguments but 4 arguments were supplied
   --> src/tests/accounts/rename_account.rs:33:13
    |
 33 |     let b = crate::create_account_db(&db_path, "B".to_string(), 0.0, "cash".to_string()).unwrap();
    |             ^^^^^^^^^^^^^^^^^^^^^^^^                                 ------------------ unexpected argument #4 of type `std::string::String`
    |
note: function defined here
   --> src/lib.rs:286:4
    |
286 | fn create_account_db(
    |    ^^^^^^^^^^^^^^^^^
help: remove the extra argument
    |
 33 -     let b = crate::create_account_db(&db_path, "B".to_string(), 0.0, "cash".to_string()).unwrap();
 33 +     let b = crate::create_account_db(&db_path, "B".to_string(), 0.0).unwrap();
    |

error[E0061]: this function takes 3 arguments but 4 arguments were supplied
   --> src/tests/app/commands_integration.rs:9:16
    |
  9 |     let acc1 = crate::create_account_in_dir(&dir_path, "A".to_string(), 100.0, "cash".to_string())
    |                ^^^^^^^^^^^^^^^^^^^^^^^^^^^^                                    ------------------ unexpected argument #4 of type `std::string::String`
    |
note: function defined here
   --> src/test_helpers.rs:152:15
    |
152 | pub(crate) fn create_account_in_dir(
    |               ^^^^^^^^^^^^^^^^^^^^^
help: remove the extra argument
    |
  9 -     let acc1 = crate::create_account_in_dir(&dir_path, "A".to_string(), 100.0, "cash".to_string())
  9 +     let acc1 = crate::create_account_in_dir(&dir_path, "A".to_string(), 100.0)
    |

error[E0061]: this function takes 3 arguments but 4 arguments were supplied
   --> src/tests/app/commands_integration.rs:12:9
    |
 12 |         crate::create_account_in_dir(&dir_path, "B".to_string(), 0.0, "cash".to_string()).unwrap();
    |         ^^^^^^^^^^^^^^^^^^^^^^^^^^^^                                  ------------------ unexpected argument #4 of type `std::string::String`
    |
note: function defined here
   --> src/test_helpers.rs:152:15
    |
152 | pub(crate) fn create_account_in_dir(
    |               ^^^^^^^^^^^^^^^^^^^^^
help: remove the extra argument
    |
 12 -         crate::create_account_in_dir(&dir_path, "B".to_string(), 0.0, "cash".to_string()).unwrap();
 12 +         crate::create_account_in_dir(&dir_path, "B".to_string(), 0.0).unwrap();
    |

error[E0061]: this function takes 3 arguments but 4 arguments were supplied
   --> src/tests/errors/api_error_tests.rs:6:25
    |
  6 |     let brokerage_acc = crate::create_account_db(
    |                         ^^^^^^^^^^^^^^^^^^^^^^^^
...
 10 |         "investment".to_string(),
    |         ------------------------ unexpected argument #4 of type `std::string::String`
    |
note: function defined here
   --> src/lib.rs:286:4
    |
286 | fn create_account_db(
    |    ^^^^^^^^^^^^^^^^^
help: remove the extra argument
    |
  9 -         0.0,
 10 -         "investment".to_string(),
  9 +         0.0,
    |

error[E0061]: this function takes 3 arguments but 4 arguments were supplied
   --> src/tests/errors/api_error_tests.rs:41:13
    |
 41 |     let _ = crate::create_account_db(&db_path, "Exists".to_string(), 100.0, "cash".to_string())
    |             ^^^^^^^^^^^^^^^^^^^^^^^^                                        ------------------ unexpected argument #4 of type `std::string::String`
    |
note: function defined here
   --> src/lib.rs:286:4
    |
286 | fn create_account_db(
    |    ^^^^^^^^^^^^^^^^^
help: remove the extra argument
    |
 41 -     let _ = crate::create_account_db(&db_path, "Exists".to_string(), 100.0, "cash".to_string())
 41 +     let _ = crate::create_account_db(&db_path, "Exists".to_string(), 100.0)
    |

error[E0061]: this function takes 3 arguments but 4 arguments were supplied
   --> src/tests/errors/error_handling_tests.rs:73:15
    |
 73 |     let res = crate::create_account_db(&db_path, "LockTest".to_string(), 10.0, "cash".to_string());
    |               ^^^^^^^^^^^^^^^^^^^^^^^^                                         ------------------ unexpected argument #4 of type `std::string::String`
    |
note: function defined here
   --> src/lib.rs:286:4
    |
286 | fn create_account_db(
    |    ^^^^^^^^^^^^^^^^^
help: remove the extra argument
    |
 73 -     let res = crate::create_account_db(&db_path, "LockTest".to_string(), 10.0, "cash".to_string());
 73 +     let res = crate::create_account_db(&db_path, "LockTest".to_string(), 10.0);
    |

error[E0061]: this function takes 3 arguments but 4 arguments were supplied
   --> src/tests/payees/payees_categories.rs:7:9
    |
  7 |         crate::create_account_db(&db_path, "A".to_string(), 100.0, "cash".to_string()).unwrap();
    |         ^^^^^^^^^^^^^^^^^^^^^^^^                                   ------------------ unexpected argument #4 of type `std::string::String`
    |
note: function defined here
   --> src/lib.rs:286:4
    |
286 | fn create_account_db(
    |    ^^^^^^^^^^^^^^^^^
help: remove the extra argument
    |
  7 -         crate::create_account_db(&db_path, "A".to_string(), 100.0, "cash".to_string()).unwrap();
  7 +         crate::create_account_db(&db_path, "A".to_string(), 100.0).unwrap();
    |

error[E0061]: this function takes 3 arguments but 4 arguments were supplied
   --> src/tests/payees/payees_categories.rs:44:9
    |
 44 |         crate::create_account_db(&db_path, "Acc2".to_string(), 0.0, "cash".to_string()).unwrap();
    |         ^^^^^^^^^^^^^^^^^^^^^^^^                                    ------------------ unexpected argument #4 of type `std::string::String`
    |
note: function defined here
   --> src/lib.rs:286:4
    |
286 | fn create_account_db(
    |    ^^^^^^^^^^^^^^^^^
help: remove the extra argument
    |
 44 -         crate::create_account_db(&db_path, "Acc2".to_string(), 0.0, "cash".to_string()).unwrap();
 44 +         crate::create_account_db(&db_path, "Acc2".to_string(), 0.0).unwrap();
    |

error[E0061]: this function takes 3 arguments but 4 arguments were supplied
   --> src/tests/payees/payees_categories.rs:87:15
    |
 87 |     let acc = crate::create_account_db(&db_path, "A".to_string(), 0.0, "cash".to_string()).unwrap();
    |               ^^^^^^^^^^^^^^^^^^^^^^^^                                 ------------------ unexpected argument #4 of type `std::string::String`
    |
note: function defined here
   --> src/lib.rs:286:4
    |
286 | fn create_account_db(
    |    ^^^^^^^^^^^^^^^^^
help: remove the extra argument
    |
 87 -     let acc = crate::create_account_db(&db_path, "A".to_string(), 0.0, "cash".to_string()).unwrap();
 87 +     let acc = crate::create_account_db(&db_path, "A".to_string(), 0.0).unwrap();
    |

error[E0061]: this function takes 3 arguments but 4 arguments were supplied
   --> src/tests/property/property_invariants.rs:20:19
    |
 20 |         let acc = crate::create_account_db(&db_path, format!("Acc{}", i), bal, "cash".to_string())
    |                   ^^^^^^^^^^^^^^^^^^^^^^^^                                     ------------------ unexpected argument #4 of type `std::string::String`
    |
note: function defined here
   --> src/lib.rs:286:4
    |
286 | fn create_account_db(
    |    ^^^^^^^^^^^^^^^^^
help: remove the extra argument
    |
 20 -         let acc = crate::create_account_db(&db_path, format!("Acc{}", i), bal, "cash".to_string())
 20 +         let acc = crate::create_account_db(&db_path, format!("Acc{}", i), bal)
    |

error[E0061]: this function takes 3 arguments but 4 arguments were supplied
   --> src/tests/property/property_proptest.rs:17:23
    |
 17 |             let acc = crate::create_account_db(&db_path, format!("Acc{}", i), bal, "cash".to_string()).unwrap();
    |                       ^^^^^^^^^^^^^^^^^^^^^^^^                                     ------------------ unexpected argument #4 of type `std::string::String`
    |
note: function defined here
   --> src/lib.rs:286:4
    |
286 | fn create_account_db(
    |    ^^^^^^^^^^^^^^^^^
help: remove the extra argument
    |
 17 -             let acc = crate::create_account_db(&db_path, format!("Acc{}", i), bal, "cash".to_string()).unwrap();
 17 +             let acc = crate::create_account_db(&db_path, format!("Acc{}", i), bal).unwrap();
    |

error[E0061]: this function takes 3 arguments but 4 arguments were supplied
   --> src/tests/transactions/delete_transaction.rs:8:9
    |
  8 |         crate::create_account_db(&db_path, "Test".to_string(), 100.0, "cash".to_string()).unwrap();
    |         ^^^^^^^^^^^^^^^^^^^^^^^^                                      ------------------ unexpected argument #4 of type `std::string::String`
    |
note: function defined here
   --> src/lib.rs:286:4
    |
286 | fn create_account_db(
    |    ^^^^^^^^^^^^^^^^^
help: remove the extra argument
    |
  8 -         crate::create_account_db(&db_path, "Test".to_string(), 100.0, "cash".to_string()).unwrap();
  8 +         crate::create_account_db(&db_path, "Test".to_string(), 100.0).unwrap();
    |

error[E0061]: this function takes 3 arguments but 4 arguments were supplied
   --> src/tests/transactions/delete_transaction.rs:36:9
    |
 36 |         crate::create_account_db(&db_path, "A1".to_string(), 100.0, "cash".to_string()).unwrap();
    |         ^^^^^^^^^^^^^^^^^^^^^^^^                                    ------------------ unexpected argument #4 of type `std::string::String`
    |
note: function defined here
   --> src/lib.rs:286:4
    |
286 | fn create_account_db(
    |    ^^^^^^^^^^^^^^^^^
help: remove the extra argument
    |
 36 -         crate::create_account_db(&db_path, "A1".to_string(), 100.0, "cash".to_string()).unwrap();
 36 +         crate::create_account_db(&db_path, "A1".to_string(), 100.0).unwrap();
    |

error[E0061]: this function takes 3 arguments but 4 arguments were supplied
   --> src/tests/transactions/delete_transaction.rs:38:9
    |
 38 |         crate::create_account_db(&db_path, "A2".to_string(), 0.0, "cash".to_string()).unwrap();
    |         ^^^^^^^^^^^^^^^^^^^^^^^^                                  ------------------ unexpected argument #4 of type `std::string::String`
    |
note: function defined here
   --> src/lib.rs:286:4
    |
286 | fn create_account_db(
    |    ^^^^^^^^^^^^^^^^^
help: remove the extra argument
    |
 38 -         crate::create_account_db(&db_path, "A2".to_string(), 0.0, "cash".to_string()).unwrap();
 38 +         crate::create_account_db(&db_path, "A2".to_string(), 0.0).unwrap();
    |

error[E0061]: this function takes 3 arguments but 4 arguments were supplied
   --> src/tests/transactions/delete_transaction.rs:111:9
    |
111 |         crate::create_account_db(&db_path, "Acc1".to_string(), 100.0, "cash".to_string()).unwrap();
    |         ^^^^^^^^^^^^^^^^^^^^^^^^                                      ------------------ unexpected argument #4 of type `std::string::String`
    |
note: function defined here
   --> src/lib.rs:286:4
    |
286 | fn create_account_db(
    |    ^^^^^^^^^^^^^^^^^
help: remove the extra argument
    |
111 -         crate::create_account_db(&db_path, "Acc1".to_string(), 100.0, "cash".to_string()).unwrap();
111 +         crate::create_account_db(&db_path, "Acc1".to_string(), 100.0).unwrap();
    |

error[E0061]: this function takes 3 arguments but 4 arguments were supplied
   --> src/tests/transactions/delete_transaction.rs:113:9
    |
113 |         crate::create_account_db(&db_path, "Acc2".to_string(), 0.0, "cash".to_string()).unwrap();
    |         ^^^^^^^^^^^^^^^^^^^^^^^^                                    ------------------ unexpected argument #4 of type `std::string::String`
    |
note: function defined here
   --> src/lib.rs:286:4
    |
286 | fn create_account_db(
    |    ^^^^^^^^^^^^^^^^^
help: remove the extra argument
    |
113 -         crate::create_account_db(&db_path, "Acc2".to_string(), 0.0, "cash".to_string()).unwrap();
113 +         crate::create_account_db(&db_path, "Acc2".to_string(), 0.0).unwrap();
    |

error[E0061]: this function takes 3 arguments but 4 arguments were supplied
   --> src/tests/transactions/delete_transaction.rs:177:9
    |
177 |         crate::create_account_db(&db_path, "Cash".to_string(), 500.0, "cash".to_string()).unwrap();
    |         ^^^^^^^^^^^^^^^^^^^^^^^^                                      ------------------ unexpected argument #4 of type `std::string::String`
    |
note: function defined here
   --> src/lib.rs:286:4
    |
286 | fn create_account_db(
    |    ^^^^^^^^^^^^^^^^^
help: remove the extra argument
    |
177 -         crate::create_account_db(&db_path, "Cash".to_string(), 500.0, "cash".to_string()).unwrap();
177 +         crate::create_account_db(&db_path, "Cash".to_string(), 500.0).unwrap();
    |

error[E0061]: this function takes 3 arguments but 4 arguments were supplied
   --> src/tests/transactions/delete_transaction.rs:178:25
    |
178 |     let brokerage_acc = crate::create_account_db(
    |                         ^^^^^^^^^^^^^^^^^^^^^^^^
...
182 |         "investment".to_string(),
    |         ------------------------ unexpected argument #4 of type `std::string::String`
    |
note: function defined here
   --> src/lib.rs:286:4
    |
286 | fn create_account_db(
    |    ^^^^^^^^^^^^^^^^^
help: remove the extra argument
    |
181 -         0.0,
182 -         "investment".to_string(),
181 +         0.0,
    |

error[E0061]: this function takes 3 arguments but 4 arguments were supplied
   --> src/tests/transactions/transaction_edge_cases.rs:7:9
    |
  7 |         crate::create_account_db(&db_path, "From".to_string(), 100.0, "cash".to_string()).unwrap();
    |         ^^^^^^^^^^^^^^^^^^^^^^^^                                      ------------------ unexpected argument #4 of type `std::string::String`
    |
note: function defined here
   --> src/lib.rs:286:4
    |
286 | fn create_account_db(
    |    ^^^^^^^^^^^^^^^^^
help: remove the extra argument
    |
  7 -         crate::create_account_db(&db_path, "From".to_string(), 100.0, "cash".to_string()).unwrap();
  7 +         crate::create_account_db(&db_path, "From".to_string(), 100.0).unwrap();
    |

error[E0061]: this function takes 3 arguments but 4 arguments were supplied
   --> src/tests/transactions/transaction_edge_cases.rs:9:9
    |
  9 |         crate::create_account_db(&db_path, "To".to_string(), 50.0, "cash".to_string()).unwrap();
    |         ^^^^^^^^^^^^^^^^^^^^^^^^                                   ------------------ unexpected argument #4 of type `std::string::String`
    |
note: function defined here
   --> src/lib.rs:286:4
    |
286 | fn create_account_db(
    |    ^^^^^^^^^^^^^^^^^
help: remove the extra argument
    |
  9 -         crate::create_account_db(&db_path, "To".to_string(), 50.0, "cash".to_string()).unwrap();
  9 +         crate::create_account_db(&db_path, "To".to_string(), 50.0).unwrap();
    |

error[E0061]: this function takes 3 arguments but 4 arguments were supplied
   --> src/tests/transactions/transaction_edge_cases.rs:61:15
    |
 61 |     let acc = crate::create_account_db(&db_path, "SelfAcc".to_string(), 100.0, "cash".to_string())
    |               ^^^^^^^^^^^^^^^^^^^^^^^^                                         ------------------ unexpected argument #4 of type `std::string::String`
    |
note: function defined here
   --> src/lib.rs:286:4
    |
286 | fn create_account_db(
    |    ^^^^^^^^^^^^^^^^^
help: remove the extra argument
    |
 61 -     let acc = crate::create_account_db(&db_path, "SelfAcc".to_string(), 100.0, "cash".to_string())
 61 +     let acc = crate::create_account_db(&db_path, "SelfAcc".to_string(), 100.0)
    |

error[E0061]: this function takes 3 arguments but 4 arguments were supplied
   --> src/tests/transactions/transfer.rs:7:9
    |
  7 |         crate::create_account_db(&db_path, "Acc1".to_string(), 100.0, "cash".to_string()).unwrap();
    |         ^^^^^^^^^^^^^^^^^^^^^^^^                                      ------------------ unexpected argument #4 of type `std::string::String`
    |
note: function defined here
   --> src/lib.rs:286:4
    |
286 | fn create_account_db(
    |    ^^^^^^^^^^^^^^^^^
help: remove the extra argument
    |
  7 -         crate::create_account_db(&db_path, "Acc1".to_string(), 100.0, "cash".to_string()).unwrap();
  7 +         crate::create_account_db(&db_path, "Acc1".to_string(), 100.0).unwrap();
    |

error[E0061]: this function takes 3 arguments but 4 arguments were supplied
   --> src/tests/transactions/transfer.rs:9:9
    |
  9 |         crate::create_account_db(&db_path, "Acc2".to_string(), 0.0, "cash".to_string()).unwrap();
    |         ^^^^^^^^^^^^^^^^^^^^^^^^                                    ------------------ unexpected argument #4 of type `std::string::String`
    |
note: function defined here
   --> src/lib.rs:286:4
    |
286 | fn create_account_db(
    |    ^^^^^^^^^^^^^^^^^
help: remove the extra argument
    |
  9 -         crate::create_account_db(&db_path, "Acc2".to_string(), 0.0, "cash".to_string()).unwrap();
  9 +         crate::create_account_db(&db_path, "Acc2".to_string(), 0.0).unwrap();
    |

error[E0061]: this function takes 3 arguments but 4 arguments were supplied
   --> src/tests/transactions/update_transaction.rs:8:9
    |
  8 |         crate::create_account_db(&db_path, "Test".to_string(), 100.0, "cash".to_string()).unwrap();
    |         ^^^^^^^^^^^^^^^^^^^^^^^^                                      ------------------ unexpected argument #4 of type `std::string::String`
    |
note: function defined here
   --> src/lib.rs:286:4
    |
286 | fn create_account_db(
    |    ^^^^^^^^^^^^^^^^^
help: remove the extra argument
    |
  8 -         crate::create_account_db(&db_path, "Test".to_string(), 100.0, "cash".to_string()).unwrap();
  8 +         crate::create_account_db(&db_path, "Test".to_string(), 100.0).unwrap();
    |

error[E0061]: this function takes 3 arguments but 4 arguments were supplied
   --> src/tests/transactions/update_transaction.rs:64:9
    |
 64 |         crate::create_account_db(&db_path, "Acc1".to_string(), 100.0, "cash".to_string()).unwrap();
    |         ^^^^^^^^^^^^^^^^^^^^^^^^                                      ------------------ unexpected argument #4 of type `std::string::String`
    |
note: function defined here
   --> src/lib.rs:286:4
    |
286 | fn create_account_db(
    |    ^^^^^^^^^^^^^^^^^
help: remove the extra argument
    |
 64 -         crate::create_account_db(&db_path, "Acc1".to_string(), 100.0, "cash".to_string()).unwrap();
 64 +         crate::create_account_db(&db_path, "Acc1".to_string(), 100.0).unwrap();
    |

error[E0061]: this function takes 3 arguments but 4 arguments were supplied
   --> src/tests/transactions/update_transaction.rs:66:9
    |
 66 |         crate::create_account_db(&db_path, "Acc2".to_string(), 0.0, "cash".to_string()).unwrap();
    |         ^^^^^^^^^^^^^^^^^^^^^^^^                                    ------------------ unexpected argument #4 of type `std::string::String`
    |
note: function defined here
   --> src/lib.rs:286:4
    |
286 | fn create_account_db(
    |    ^^^^^^^^^^^^^^^^^
help: remove the extra argument
    |
 66 -         crate::create_account_db(&db_path, "Acc2".to_string(), 0.0, "cash".to_string()).unwrap();
 66 +         crate::create_account_db(&db_path, "Acc2".to_string(), 0.0).unwrap();
    |

error[E0061]: this function takes 3 arguments but 4 arguments were supplied
   --> src/tests/transactions/update_transaction.rs:126:9
    |
126 |         crate::create_account_db(&db_path, "Acc1".to_string(), 100.0, "cash".to_string()).unwrap();
    |         ^^^^^^^^^^^^^^^^^^^^^^^^                                      ------------------ unexpected argument #4 of type `std::string::String`
    |
note: function defined here
   --> src/lib.rs:286:4
    |
286 | fn create_account_db(
    |    ^^^^^^^^^^^^^^^^^
help: remove the extra argument
    |
126 -         crate::create_account_db(&db_path, "Acc1".to_string(), 100.0, "cash".to_string()).unwrap();
126 +         crate::create_account_db(&db_path, "Acc1".to_string(), 100.0).unwrap();
    |

error[E0061]: this function takes 3 arguments but 4 arguments were supplied
   --> src/tests/transactions/update_transaction.rs:128:9
    |
128 |         crate::create_account_db(&db_path, "Acc2".to_string(), 0.0, "cash".to_string()).unwrap();
    |         ^^^^^^^^^^^^^^^^^^^^^^^^                                    ------------------ unexpected argument #4 of type `std::string::String`
    |
note: function defined here
   --> src/lib.rs:286:4
    |
286 | fn create_account_db(
    |    ^^^^^^^^^^^^^^^^^
help: remove the extra argument
    |
128 -         crate::create_account_db(&db_path, "Acc2".to_string(), 0.0, "cash".to_string()).unwrap();
128 +         crate::create_account_db(&db_path, "Acc2".to_string(), 0.0).unwrap();
    |

error[E0061]: this function takes 3 arguments but 4 arguments were supplied
   --> src/tests/transactions/update_transaction.rs:182:9
    |
182 |         crate::create_account_db(&db_path, "T".to_string(), 100.0, "cash".to_string()).unwrap();
    |         ^^^^^^^^^^^^^^^^^^^^^^^^                                   ------------------ unexpected argument #4 of type `std::string::String`
    |
note: function defined here
   --> src/lib.rs:286:4
    |
286 | fn create_account_db(
    |    ^^^^^^^^^^^^^^^^^
help: remove the extra argument
    |
182 -         crate::create_account_db(&db_path, "T".to_string(), 100.0, "cash".to_string()).unwrap();
182 +         crate::create_account_db(&db_path, "T".to_string(), 100.0).unwrap();
    |

Some errors have detailed explanations: E0061, E0422, E0425.
For more information about an error, try `rustc --explain E0061`.
error: could not compile `HoneyBear-Folio` (lib test) due to 42 previous errors
